proguard/seeds.txt
com.riotapps.word.About
com.riotapps.word.About: About()
com.riotapps.word.About: void onCreate(android.os.Bundle)
com.riotapps.word.About: void onClick(android.view.View)
com.riotapps.word.About: void onStart()
com.riotapps.word.About: void onStop()
com.riotapps.word.BuildConfig
com.riotapps.word.BuildConfig: boolean DEBUG
com.riotapps.word.BuildConfig: BuildConfig()
com.riotapps.word.CompletedGames
com.riotapps.word.CompletedGames: CompletedGames()
com.riotapps.word.CompletedGames: void onCreate(android.os.Bundle)
com.riotapps.word.CompletedGames: void onStart()
com.riotapps.word.CompletedGames: void onStop()
com.riotapps.word.FullRules
com.riotapps.word.FullRules: FullRules()
com.riotapps.word.FullRules: void onCreate(android.os.Bundle)
com.riotapps.word.FullRules: void onStart()
com.riotapps.word.FullRules: void onStop()
com.riotapps.word.GameHistory
com.riotapps.word.GameHistory: GameHistory()
com.riotapps.word.GameHistory: void onCreate(android.os.Bundle)
com.riotapps.word.GameHistory: void onBackPressed()
com.riotapps.word.GameHistory: void onStart()
com.riotapps.word.GameHistory: void onStop()
com.riotapps.word.GameLookup
com.riotapps.word.GameLookup: GameLookup()
com.riotapps.word.GameLookup: com.google.analytics.tracking.android.Tracker getTracker()
com.riotapps.word.GameLookup: void onCreate(android.os.Bundle)
com.riotapps.word.GameLookup: void trackEvent(java.lang.String,java.lang.String,long)
com.riotapps.word.GameLookup: void onStart()
com.riotapps.word.GameLookup: void onStop()
com.riotapps.word.GameLookup: void onPause()
com.riotapps.word.GameLookup: void fillDefinitionsView(java.util.List)
com.riotapps.word.GameLookup: android.view.View getDefinitionView(int,net.jeremybrooks.knicker.dto.Definition)
com.riotapps.word.GameLookup: void onClick(android.view.View)
com.riotapps.word.GameSurface
com.riotapps.word.GameSurface: int MSG_SCOREBOARD_VISIBILITY
com.riotapps.word.GameSurface: int MSG_POINTS_SCORED
com.riotapps.word.GameSurface: long runningTime
com.riotapps.word.GameSurface: long captureTime
com.riotapps.word.GameSurface: android.os.Handler updateHandler
com.riotapps.word.GameSurface: GameSurface()
com.riotapps.word.GameSurface: com.riotapps.word.hooks.Game getGame()
com.riotapps.word.GameSurface: void setGame(com.riotapps.word.hooks.Game)
com.riotapps.word.GameSurface: int getScoreboardHeight()
com.riotapps.word.GameSurface: void setScoreboardHeight(int)
com.riotapps.word.GameSurface: com.google.analytics.tracking.android.Tracker getTracker()
com.riotapps.word.GameSurface: void setTracker(com.google.analytics.tracking.android.Tracker)
com.riotapps.word.GameSurface: int getWindowHeight()
com.riotapps.word.GameSurface: void setWindowHeight(int)
com.riotapps.word.GameSurface: com.riotapps.word.ui.GameState getGameState()
com.riotapps.word.GameSurface: void setGameState(com.riotapps.word.ui.GameState)
com.riotapps.word.GameSurface: com.riotapps.word.hooks.Player getPlayer()
com.riotapps.word.GameSurface: void setPlayer(com.riotapps.word.hooks.Player)
com.riotapps.word.GameSurface: void unfreezeButtons()
com.riotapps.word.GameSurface: void onCreate(android.os.Bundle)
com.riotapps.word.GameSurface: void captureTime(java.lang.String)
com.riotapps.word.GameSurface: void onInitialRenderComplete()
com.riotapps.word.HopperPeek
com.riotapps.word.HopperPeek: HopperPeek()
com.riotapps.word.HopperPeek: void onCreate(android.os.Bundle)
com.riotapps.word.InterstitialAd
com.riotapps.word.InterstitialAd: InterstitialAd()
com.riotapps.word.InterstitialAd: void onCreate(android.os.Bundle)
com.riotapps.word.InterstitialAd: void onReceiveAd(com.google.ads.Ad)
com.riotapps.word.InterstitialAd: void onDismissScreen(com.google.ads.Ad)
com.riotapps.word.InterstitialAd: void onFailedToReceiveAd(com.google.ads.Ad,com.google.ads.AdRequest$ErrorCode)
com.riotapps.word.InterstitialAd: void onLeaveApplication(com.google.ads.Ad)
com.riotapps.word.InterstitialAd: void onPresentScreen(com.google.ads.Ad)
...
com.google.ads.internal.c$c
com.google.ads.internal.c$c: java.lang.String b
com.google.ads.internal.c$c: java.lang.String c
com.google.ads.internal.c$c: android.webkit.WebView d
com.google.ads.internal.c$c: com.google.ads.internal.c a
com.google.ads.internal.c$c: c$c(com.google.ads.internal.c,android.webkit.WebView,java.lang.String,java.lang.String)
com.google.ads.internal.c$c: void run()
com.google.ads.internal.c$d
com.google.ads.internal.c$d: com.google.ads.internal.c$d a
com.google.ads.internal.c$d: com.google.ads.internal.c$d b
com.google.ads.internal.c$d: com.google.ads.internal.c$d c
com.google.ads.internal.c$d: com.google.ads.internal.c$d d
com.google.ads.internal.c$d: java.lang.String e
com.google.ads.internal.c$d: com.google.ads.internal.c$d[] f
com.google.ads.internal.c$d: com.google.ads.internal.c$d[] values()
com.google.ads.internal.c$d: com.google.ads.internal.c$d valueOf(java.lang.String)
com.google.ads.internal.c$d: c$d(java.lang.String,int,java.lang.String)
com.google.ads.internal.c$d: void <clinit>()
com.google.ads.internal.c$e
com.google.ads.internal.c$e: com.google.ads.internal.d a
com.google.ads.internal.c$e: android.webkit.WebView b
com.google.ads.internal.c$e: java.util.LinkedList c
com.google.ads.internal.c$e: int d
com.google.ads.internal.c$e: boolean e
com.google.ads.internal.c$e: java.lang.String f
com.google.ads.internal.c$e: com.google.ads.AdSize g
com.google.ads.internal.c$e: c$e(com.google.ads.internal.d,android.webkit.WebView,java.util.LinkedList,int,boolean,java.lang.String,com.google.ads.AdSize)
com.google.ads.internal.c$e: void run()
com.google.ads.internal.d
com.google.ads.internal.d: java.lang.Object a
com.google.ads.internal.d: com.google.ads.m b
com.google.ads.internal.d: com.google.ads.internal.c c
com.google.ads.internal.d: com.google.ads.AdRequest d
com.google.ads.internal.d: com.google.ads.internal.g e
com.google.ads.internal.d: com.google.ads.internal.AdWebView f
com.google.ads.internal.d: com.google.ads.internal.i g
com.google.ads.internal.d: android.os.Handler h
com.google.ads.internal.d: long i
com.google.ads.internal.d: boolean j
com.google.ads.internal.d: boolean k
com.google.ads.internal.d: boolean l
com.google.ads.internal.d: boolean m
com.google.ads.internal.d: boolean n
com.google.ads.internal.d: android.content.SharedPreferences o
com.google.ads.internal.d: long p
com.google.ads.internal.d: com.google.ads.ae q
com.google.ads.internal.d: boolean r
com.google.ads.internal.d: java.util.LinkedList s
com.google.ads.internal.d: java.util.LinkedList t
com.google.ads.internal.d: int u
com.google.ads.internal.d: java.lang.Boolean v
com.google.ads.internal.d: com.google.ads.d w
com.google.ads.internal.d: com.google.ads.e x
com.google.ads.internal.d: com.google.ads.f y
com.google.ads.internal.d: java.lang.String z
com.google.ads.internal.d: d(com.google.ads.Ad,android.app.Activity,com.google.ads.AdSize,java.lang.String,android.view.ViewGroup,boolean)
com.google.ads.internal.d: void a()
com.google.ads.internal.d: void b()
com.google.ads.internal.d: void a(java.lang.String)
com.google.ads.internal.e
com.google.ads.internal.e: java.lang.String a
com.google.ads.internal.e: java.util.HashMap b
com.google.ads.internal.e: e(android.os.Bundle)
com.google.ads.internal.e: e(java.lang.String)
com.google.ads.internal.e: e(java.lang.String,java.util.HashMap)
com.google.ads.internal.e: java.util.HashMap a(java.io.Serializable)
com.google.ads.internal.e: android.os.Bundle a()
com.google.ads.internal.e: java.lang.String b()
com.google.ads.internal.e: java.util.HashMap c()