proguard/mapping.txt
com.riotapps.word.About -> com.riotapps.word.About:
    android.content.Context context -> m
    28:73:void onCreate(android.os.Bundle) -> onCreate
    80:93:void onClick(android.view.View) -> onClick
    99:101:void onStart() -> onStart
    107:109:void onStop() -> onStop
com.riotapps.word.BuildConfig -> com.riotapps.word.BuildConfig:
    boolean DEBUG -> DEBUG
com.riotapps.word.CompletedGames -> com.riotapps.word.CompletedGames:
    java.lang.String TAG -> m
    android.content.Context context -> n
    41:60:void onCreate(android.os.Bundle) -> onCreate
    65:67:void onStart() -> onStart
    73:75:void onStop() -> onStop
    79:100:void loadList() -> b
com.riotapps.word.CompletedGames$1 -> nq:
    com.riotapps.word.CompletedGames this$0 -> a
    89:97:void onItemClick(android.widget.AdapterView,android.view.View,int,long) -> onItemClick
com.riotapps.word.CompletedGames$CompletedGameArrayAdapter -> nr:
    com.riotapps.word.CompletedGames context -> c
    int itemCount -> d
    java.util.List values -> e
    android.view.LayoutInflater inflater -> a
    com.riotapps.word.CompletedGames this$0 -> b
    120:159:android.view.View getView(int,android.view.View,android.view.ViewGroup) -> getView
com.riotapps.word.FullRules -> com.riotapps.word.FullRules:
    20:37:void onCreate(android.os.Bundle) -> onCreate
    41:43:void onStart() -> onStart
    49:51:void onStop() -> onStop
com.riotapps.word.GameHistory -> com.riotapps.word.GameHistory:
    java.lang.String TAG -> n
    com.riotapps.word.hooks.Game game -> o
    com.riotapps.word.hooks.Player player -> p
    android.widget.ListView lvWords -> q
    android.content.Context context -> r
    int opponentImageId -> s
    com.riotapps.word.utils.ApplicationContext appContext -> m
    48:70:void onCreate(android.os.Bundle) -> onCreate
    75:77:void onBackPressed() -> onBackPressed
    82:84:void onStart() -> onStart
    90:92:void onStop() -> onStop
    97:122:void loadList() -> c
    36:36:com.riotapps.word.hooks.Game access$0(com.riotapps.word.GameHistory) -> a
    37:37:com.riotapps.word.hooks.Player access$1(com.riotapps.word.GameHistory) -> b
    41:41:int access$2(com.riotapps.word.GameHistory) -> c
    35:35:java.lang.String access$3() -> b
    40:40:android.content.Context access$4(com.riotapps.word.GameHistory) -> d
com.riotapps.word.GameHistory$1 -> ns:
    com.riotapps.word.GameHistory this$0 -> a
    115:119:void onItemClick(android.widget.AdapterView,android.view.View,int,long) -> onItemClick
com.riotapps.word.GameHistory$PlayedWordArrayAdapter -> nt:
    com.riotapps.word.GameHistory context -> c
    com.riotapps.word.hooks.PlayedWord[] values -> d
    int wordCount -> e
    android.view.LayoutInflater inflater -> a
    com.riotapps.word.GameHistory this$0 -> b
    144:183:android.view.View getView(int,android.view.View,android.view.ViewGroup) -> getView
...
com.google.ads.internal.AdVideoView -> com.google.ads.internal.AdVideoView:
    com.google.ads.internal.a b -> b
    java.lang.ref.WeakReference c -> c
    com.google.ads.internal.AdWebView d -> d
    android.widget.MediaController a -> a
    long e -> e
    android.widget.VideoView f -> f
    java.lang.String g -> g
    129:131:void a() -> a
    147:153:void b() -> b
    159:176:void setMediaControllerEnabled(boolean) -> setMediaControllerEnabled
    182:183:void setSrc(java.lang.String) -> setSrc
    190:191:void onCompletion(android.media.MediaPlayer) -> onCompletion
    198:201:boolean onError(android.media.MediaPlayer,int,int) -> onError
    209:213:void onPrepared(android.media.MediaPlayer) -> onPrepared
    219:220:void c() -> c
    226:227:void d() -> d
    234:235:void a(int) -> a
    241:242:void a(android.view.MotionEvent) -> a
    248:249:void e() -> e
    255:263:void f() -> f
com.google.ads.internal.AdVideoView$a -> com.google.ads.internal.AdVideoView$a:
    java.lang.ref.WeakReference a -> a
    android.os.Handler b -> b
    58:65:void run() -> run
    68:69:void a() -> a
com.google.ads.internal.AdWebView -> com.google.ads.internal.AdWebView:
    java.lang.ref.WeakReference a -> a
    com.google.ads.AdSize b -> b
    boolean c -> c
    boolean d -> d
    boolean e -> e
    146:150:void a() -> a
    157:162:void b() -> b
    170:175:void c() -> c
    183:183:com.google.ads.AdActivity d() -> d
    190:190:boolean e() -> e
    197:197:boolean f() -> f
    206:207:void setAdActivity(com.google.ads.AdActivity) -> setAdActivity
    221:225:void loadDataWithBaseURL(java.lang.String,java.lang.String,java.lang.String,java.lang.String,java.lang.String) -> loadDataWithBaseURL
    234:238:void loadUrl(java.lang.String) -> loadUrl
    247:251:void stopLoading() -> stopLoading
    261:269:void destroy() -> destroy
    275:277:void setAdSize(com.google.ads.AdSize) -> setAdSize
    287:332:void onMeasure(int,int) -> onMeasure
    340:347:void setCustomClose(boolean) -> setCustomClose
    354:355:void setIsExpandedMraid(boolean) -> setIsExpandedMraid
com.google.ads.internal.AdWebView$1 -> com.google.ads.internal.AdWebView$1:
    com.google.ads.internal.AdWebView a -> a
    109:120:void onDownloadStart(java.lang.String,java.lang.String,java.lang.String,java.lang.String,long) -> onDownloadStart
com.google.ads.internal.a -> com.google.ads.internal.a:
    com.google.ads.internal.a d -> d
    com.google.ads.util.f a -> a
    java.util.Map b -> b
    java.util.Map c -> c
    140:166:java.lang.String a(android.net.Uri,java.util.HashMap) -> a
    183:205:void a(com.google.ads.internal.d,java.util.Map,android.net.Uri,android.webkit.WebView) -> a
    216:220:boolean a(android.net.Uri) -> a
    232:243:boolean b(android.net.Uri) -> b
    255:260:boolean c(android.net.Uri) -> c
    271:277:void a(android.webkit.WebView,java.lang.String,java.lang.String) -> a
    286:288:void a(android.webkit.WebView,java.lang.String) -> a
    298:300:void a(android.webkit.WebView,java.util.Map) -> a
    308:311:void a(android.webkit.WebView) -> a
    319:320:void b(android.webkit.WebView) -> b
    42:42:com.google.ads.internal.a a() -> a
com.google.ads.internal.a$1 -> com.google.ads.internal.a$1:
com.google.ads.internal.a$2 -> com.google.ads.internal.a$2:
    73:73:com.google.ads.internal.a a() -> a
    70:70:java.lang.Object b() -> b
com.google.ads.internal.a$3 -> com.google.ads.internal.a$3:
com.google.ads.internal.b -> com.google.ads.internal.b:
    boolean a -> a
    42:44:void a(java.lang.String) -> a
    47:47:void b(java.lang.String) -> b
    56:59:java.lang.String c(java.lang.String) -> c