proguard/usage.txt
com.riotapps.word.GameSurface:
    private com.riotapps.word.utils.ImageFetcher imageLoader
    private android.view.SurfaceView surfaceView
    1199:1202:private void loadPlaySpinner()
    1840:1852:private void setupRunawayAdTimer()
    1890:1900:private void loadAdMobInterstitialAd()
    2322:2323:private void trackEvent(java.lang.String,java.lang.String,int)
    93:93:static synthetic boolean access$9(com.riotapps.word.GameSurface)
    114:114:static synthetic com.google.ads.InterstitialAd access$10(com.riotapps.word.GameSurface)
    114:114:static synthetic void access$11(com.riotapps.word.GameSurface,com.google.ads.InterstitialAd)
    116:116:static synthetic com.riotapps.word.utils.CustomProgressDialog access$12(com.riotapps.word.GameSurface)
com.riotapps.word.GameSurface$checkRunawayAdTask
com.riotapps.word.GameSurface$checkRunawayAdTaskRunnable
com.riotapps.word.Splash:
    android.os.Handler handler
    private com.riotapps.word.billing.IabHelper$QueryInventoryFinishedListener onPurchaseCheck
    174:188:private void handleRouting()
com.riotapps.word.billing.Base64:
    private static final byte EQUALS_SIGN
    private static final byte NEW_LINE
    private static final byte WHITE_SPACE_ENC
    private static final byte EQUALS_SIGN_ENC
com.riotapps.word.billing.Inventory:
    67:67:java.util.List getAllOwnedSkus()
    81:81:java.util.List getAllPurchases()
com.riotapps.word.billing.Security:
    private static final java.lang.String TAG
    private static final java.lang.String KEY_FACTORY_ALGORITHM
    private static final java.lang.String SIGNATURE_ALGORITHM
com.riotapps.word.hooks.TileLayout$BonusTile:
    final synthetic com.riotapps.word.hooks.TileLayout this$0
    29:29:TileLayout$BonusTile(com.riotapps.word.hooks.TileLayout)
    44:45:public void setId(int)
    50:51:public void setMultiplier(int)
    56:57:public void setScope(java.lang.String)
com.riotapps.word.hooks.TileLayout$StarterTile:
    final synthetic com.riotapps.word.hooks.TileLayout this$0
    16:16:TileLayout$StarterTile(com.riotapps.word.hooks.TileLayout)
    25:26:public void setId(int)
com.riotapps.word.hooks.WordIndex:
    private java.lang.String index
    private java.lang.String word
com.riotapps.word.ui.CustomButtonDialogView:
    private android.widget.Button bOK
    private android.widget.Button bCancel
    private android.widget.ImageView close
    private android.content.Context context
    private java.lang.String dialogTitle
    private java.lang.String dialogText
    private java.lang.String okText
    private java.lang.String cancelText
    private android.view.View layout
    private boolean onCancelClickFinishActivity
com.riotapps.word.ui.CustomDialog:
    private android.app.AlertDialog alert
com.riotapps.word.ui.GameSurfaceView:
    private static final int TRAY_TILE_GAP
    private static final int TRAY_VERTICAL_MARGIN
    private static final int TRAY_TOP_BORDER_HEIGHT
    private static final long SINGLE_TAP_DURATION_IN_NANOSECONDS
    private static final long DOUBLE_TAP_DURATION_IN_NANOSECONDS
    private static final long MOVE_STOPPED_DURATION_IN_MILLISECONDS
    private static final float MOVEMENT_TRIGGER_THRESHOLD
    private static final int MAX_LOGO_HEIGHT
    private static final long MAX_TEXT_HEIGHT
    private static final float MAX_TEXT_WIDTH
    private static final int NUMBER_OF_COORDINATES_TO_TRIGGER_MOMENTUM_SCROLLING
    private static final int NUMBER_OF_COORDINATES_TO_DETERMINE_DIRECTION_AND_SPEED
    2781:2782:private void onBoardClear()
com.riotapps.word.ui.GameThread:
    long sleepTime
com.riotapps.word.ui.WordLookupDialog:
    com.riotapps.word.utils.ApplicationContext appContext
com.riotapps.word.utils.DiskLruCache:
    private static final java.lang.String TAG
    private static final java.lang.String CACHE_FILENAME_PREFIX
    private static final int MAX_REMOVALS
    private static final int INITIAL_CAPACITY
    private static final float LOAD_FACTOR
...
android.support.v4.app.LoaderManagerImpl:
    static final java.lang.String TAG
    boolean mRetainingStarted
android.support.v4.app.NavUtils:
    private static final java.lang.String TAG
android.support.v4.app.NavUtilsJB:
    23:23:NavUtilsJB()
android.support.v4.app.NotificationCompatHoneycomb:
    25:25:NotificationCompatHoneycomb()
android.support.v4.app.NotificationCompatIceCreamSandwich:
    25:25:NotificationCompatIceCreamSandwich()
android.support.v4.app.ShareCompat$IntentReader:
    private static final java.lang.String TAG
android.support.v4.app.ShareCompatICS:
    private static final java.lang.String HISTORY_FILENAME_PREFIX
    25:25:ShareCompatICS()
android.support.v4.app.ShareCompatJB:
    21:21:ShareCompatJB()
android.support.v4.app.TaskStackBuilder:
    private static final java.lang.String TAG
android.support.v4.app.TaskStackBuilder$TaskStackBuilderImplJellybean
android.support.v4.app.TaskStackBuilderJellybean
android.support.v4.content.AsyncTaskLoader:
    static final java.lang.String TAG
    static final boolean DEBUG
android.support.v4.content.ContextCompatHoneycomb:
    25:25:ContextCompatHoneycomb()
android.support.v4.content.ContextCompatJellybean:
    23:23:ContextCompatJellybean()
android.support.v4.content.LocalBroadcastManager:
    private static final java.lang.String TAG
    private static final boolean DEBUG
    static final int MSG_EXEC_PENDING_BROADCASTS
android.support.v4.content.ModernAsyncTask:
    private static final java.lang.String LOG_TAG
    private static final int CORE_POOL_SIZE
    private static final int MAXIMUM_POOL_SIZE
    private static final int KEEP_ALIVE
    private static final int MESSAGE_POST_RESULT
    private static final int MESSAGE_POST_PROGRESS
    106:107:public static void init()
    111:112:public static void setDefaultExecutor(java.util.concurrent.Executor)
    169:169:public final android.support.v4.content.ModernAsyncTask$Status getStatus()
    321:321:public final java.lang.Object get()
    341:341:public final java.lang.Object get(long,java.util.concurrent.TimeUnit)
    371:371:public final varargs android.support.v4.content.ModernAsyncTask execute(java.lang.Object[])
    433:434:public static void execute(java.lang.Runnable)
    451:455:protected final varargs void publishProgress(java.lang.Object[])
android.support.v4.net.ConnectivityManagerCompatGingerbread:
    33:33:ConnectivityManagerCompatGingerbread()
android.support.v4.net.ConnectivityManagerCompatHoneycombMR2:
    35:35:ConnectivityManagerCompatHoneycombMR2()
android.support.v4.net.ConnectivityManagerCompatJellyBean:
    24:24:ConnectivityManagerCompatJellyBean()
android.support.v4.os.ParcelableCompatCreatorHoneycombMR2Stub:
    22:22:ParcelableCompatCreatorHoneycombMR2Stub()
android.support.v4.util.TimeUtils:
    private static final int SECONDS_PER_MINUTE
    private static final int SECONDS_PER_HOUR
    private static final int SECONDS_PER_DAY
android.support.v4.view.AccessibilityDelegateCompatIcs:
    28:30:AccessibilityDelegateCompatIcs()
android.support.v4.view.AccessibilityDelegateCompatJellyBean:
    30:32:AccessibilityDelegateCompatJellyBean()
android.support.v4.view.AccessibilityDelegateCompatJellyBean$1:
    87:87:public android.view.accessibility.AccessibilityNodeProvider getAccessibilityNodeProvider(android.view.View)
    92:92:public boolean performAccessibilityAction(android.view.View,int,android.os.Bundle)
android.support.v4.view.KeyEventCompat$BaseKeyEventVersionImpl:
    private static final int META_MODIFIER_MASK
    private static final int META_ALL_MASK
android.support.v4.view.KeyEventCompatHoneycomb:
    24:24:KeyEventCompatHoneycomb()
android.support.v4.view.MenuItemCompatHoneycomb:
    25:25:MenuItemCompatHoneycomb()
android.support.v4.view.MotionEventCompatEclair:
    24:24:MotionEventCompatEclair()